<?xml version="1.0" encoding="UTF-8" ?>
<testsuite errors="0" skipped="0" tests="1" time="0.001" failures="0" name="net.chilicat.m3u8.PlayListTest">
  <properties>
    <property value="Java(TM) 2 Runtime Environment, Standard Edition" name="java.runtime.name"/>
    <property value="C:\Program Files\Java\jdk1.5.0_17\jre\bin" name="sun.boot.library.path"/>
    <property value="1.5.0_17-b04" name="java.vm.version"/>
    <property value="Sun Microsystems Inc." name="java.vm.vendor"/>
    <property value="http://java.sun.com/" name="java.vendor.url"/>
    <property value=";" name="path.separator"/>
    <property value="Java HotSpot(TM) Client VM" name="java.vm.name"/>
    <property value="sun.io" name="file.encoding.pkg"/>
    <property value="DE" name="user.country"/>
    <property value="SUN_STANDARD" name="sun.java.launcher"/>
    <property value="Service Pack 2" name="sun.os.patch.level"/>
    <property value="Java Virtual Machine Specification" name="java.vm.specification.name"/>
    <property value="H:\dev\sourceforge\m3u8parser\parser" name="user.dir"/>
    <property value="1.5.0_17-b04" name="java.runtime.version"/>
    <property value="sun.awt.Win32GraphicsEnvironment" name="java.awt.graphicsenv"/>
    <property value="H:\dev\sourceforge\m3u8parser\parser" name="basedir"/>
    <property value="C:\Program Files\Java\jdk1.5.0_17\jre\lib\endorsed" name="java.endorsed.dirs"/>
    <property value="x86" name="os.arch"/>
    <property value="C:\Users\dkuffner\AppData\Local\Temp\surefirebooter4037597210270071576.jar" name="surefire.real.class.path"/>
    <property value="C:\Users\dkuffner\AppData\Local\Temp\" name="java.io.tmpdir"/>
    <property value="
" name="line.separator"/>
    <property value="Sun Microsystems Inc." name="java.vm.specification.vendor"/>
    <property value="" name="user.variant"/>
    <property value="Windows Vista" name="os.name"/>
    <property value="Cp1252" name="sun.jnu.encoding"/>
    <property value="C:\Program Files\Java\jdk1.5.0_17\jre\bin;.;C:\Windows\system32;C:\Windows;C:\Program Files\Apache\Maven 1.1\bin;C:\Windows\system32;C:\Windows;C:\Windows\System32\Wbem;C:\Program Files\Common Files\Adobe\AGL;C:\Program Files\ATI Technologies\ATI.ACE\Core-Static;C:\Program Files\Common Files\Roxio Shared\10.0\DLLShared\;C:\Program Files\Common Files\Roxio Shared\DLLShared\;C:\Program Files\Common Files\Roxio Shared\DLLShared\;C:\Program Files\Common Files\Roxio Shared\10.0\DLLShared\;C:\Program Files\AccuRev\bin;C:\Program Files\QuickTime\QTSystem\;C:\Program Files\Intel\WiFi\bin\;C:\strawberry\c\bin;C:\strawberry\perl\bin;C:\Windows\system32;C:\Windows;C:\Windows\System32\Wbem;C:\Program Files\Common Files\Adobe\AGL;C:\Program Files\ATI Technologies\ATI.ACE\Core-Static;C:\Program Files\Common Files\Roxio Shared\10.0\DLLShared\;C:\Program Files\Common Files\Roxio Shared\DLLShared\;C:\Program Files\Common Files\Roxio Shared\DLLShared\;C:\Program Files\Common Files\Roxio Shared\10.0\DLLShared\;C:\Program Files\Intel\WiFi\bin\;C:\Program Files\accurev\bin;H:\dev\tools\gwt-windows-1.7.1;H:\dev\tools\apache-maven-2.2.1\bin;H:\dev\tools\apache-ant-1.7.1\bin;C:\Program Files\svn-win32-1.6.5\bin\;C:\Program Files\Pinnacle\Shared Files;C:\Program Files\Pinnacle\Shared Files\Filter" name="java.library.path"/>
    <property value="H:\dev\sourceforge\m3u8parser\parser\target\test-classes;H:\dev\sourceforge\m3u8parser\parser\target\classes;C:\Users\dkuffner\.m2\repository\junit\junit\3.8.1\junit-3.8.1.jar;" name="surefire.test.class.path"/>
    <property value="Java Platform API Specification" name="java.specification.name"/>
    <property value="49.0" name="java.class.version"/>
    <property value="HotSpot Client Compiler" name="sun.management.compiler"/>
    <property value="6.0" name="os.version"/>
    <property value="C:\Users\dkuffner" name="user.home"/>
    <property value="Europe/Berlin" name="user.timezone"/>
    <property value="sun.awt.windows.WPrinterJob" name="java.awt.printerjob"/>
    <property value="1.5" name="java.specification.version"/>
    <property value="Cp1252" name="file.encoding"/>
    <property value="dkuffner" name="user.name"/>
    <property value="H:\dev\sourceforge\m3u8parser\parser\target\test-classes;H:\dev\sourceforge\m3u8parser\parser\target\classes;C:\Users\dkuffner\.m2\repository\junit\junit\3.8.1\junit-3.8.1.jar;" name="java.class.path"/>
    <property value="1.0" name="java.vm.specification.version"/>
    <property value="32" name="sun.arch.data.model"/>
    <property value="C:\Program Files\Java\jdk1.5.0_17\jre" name="java.home"/>
    <property value="Sun Microsystems Inc." name="java.specification.vendor"/>
    <property value="de" name="user.language"/>
    <property value="sun.awt.windows.WToolkit" name="awt.toolkit"/>
    <property value="mixed mode, sharing" name="java.vm.info"/>
    <property value="1.5.0_17" name="java.version"/>
    <property value="C:\Program Files\Java\jdk1.5.0_17\jre\lib\ext" name="java.ext.dirs"/>
    <property value="C:\Program Files\Java\jdk1.5.0_17\jre\lib\rt.jar;C:\Program Files\Java\jdk1.5.0_17\jre\lib\i18n.jar;C:\Program Files\Java\jdk1.5.0_17\jre\lib\sunrsasign.jar;C:\Program Files\Java\jdk1.5.0_17\jre\lib\jsse.jar;C:\Program Files\Java\jdk1.5.0_17\jre\lib\jce.jar;C:\Program Files\Java\jdk1.5.0_17\jre\lib\charsets.jar;C:\Program Files\Java\jdk1.5.0_17\jre\classes" name="sun.boot.class.path"/>
    <property value="Sun Microsystems Inc." name="java.vendor"/>
    <property value="C:\Users\dkuffner\.m2\repository" name="localRepository"/>
    <property value="\" name="file.separator"/>
    <property value="http://java.sun.com/cgi-bin/bugreport.cgi" name="java.vendor.url.bug"/>
    <property value="little" name="sun.cpu.endian"/>
    <property value="UnicodeLittle" name="sun.io.unicode.encoding"/>
    <property value="windows" name="sun.desktop"/>
    <property value="pentium_pro+mmx pentium_pro pentium+mmx pentium i486 i386 i86" name="sun.cpu.isalist"/>
  </properties>
  <testcase classname="net.chilicat.m3u8.PlayListTest" time="0" name="testAppleExamples"/>
</testsuite>